app/build/intermediates/manifest_merge_blame_file/debug/processDebugMainManifest/manifest-merger-blame-debug-report.txt
1<?xml version="1.0" encoding="utf-8"?>
2<manifest xmlns:android="http://schemas.android.com/apk/res/android"
3    package="com.android.sportsBookApp"
4    android:versionCode="1"
5    android:versionName="1.0" >
6
7    <uses-sdk
8        android:minSdkVersion="25"
9        android:targetSdkVersion="34" />
10
11    <uses-permission android:name="android.permission.INTERNET" />
11-->src/main/AndroidManifest.xml:5:5-67
11-->src/main/AndroidManifest.xml:5:22-64
12    <uses-permission android:name="android.permission.WAKE_LOCK" />
12-->[androidx.work:work-runtime:2.8.0] AndroidManifest.xml:23:5-68
12-->[androidx.work:work-runtime:2.8.0] AndroidManifest.xml:23:22-65
13    <uses-permission android:name="android.permission.ACCESS_NETWORK_STATE" />
13-->[androidx.work:work-runtime:2.8.0] AndroidManifest.xml:24:5-79
13-->[androidx.work:work-runtime:2.8.0] AndroidManifest.xml:24:22-76
14    <uses-permission android:name="android.permission.RECEIVE_BOOT_COMPLETED" />
14-->[androidx.work:work-runtime:2.8.0] AndroidManifest.xml:25:5-81
14-->[androidx.work:work-runtime:2.8.0] AndroidManifest.xml:25:22-78
15    <uses-permission android:name="android.permission.FOREGROUND_SERVICE" />
15-->[androidx.work:work-runtime:2.8.0] AndroidManifest.xml:26:5-77
15-->[androidx.work:work-runtime:2.8.0] AndroidManifest.xml:26:22-74
16
17    <permission
17-->[androidx.core:core:1.13.0] AndroidManifest.xml:22:5-24:47
18        android:name="com.android.sportsBookApp.DYNAMIC_RECEIVER_NOT_EXPORTED_PERMISSION"
18-->[androidx.core:core:1.13.0] AndroidManifest.xml:23:9-81
19        android:protectionLevel="signature" />
19-->[androidx.core:core:1.13.0] AndroidManifest.xml:24:9-44
20
21    <uses-permission android:name="com.android.sportsBookApp.DYNAMIC_RECEIVER_NOT_EXPORTED_PERMISSION" />
21-->[androidx.core:core:1.13.0] AndroidManifest.xml:26:5-97
21-->[androidx.core:core:1.13.0] AndroidManifest.xml:26:22-94
22
23    <application
23-->src/main/AndroidManifest.xml:8:5-30:19
24        android:name="com.android.sportsbookapp.SportsBookApplication"
24-->src/main/AndroidManifest.xml:9:9-71
25        android:allowBackup="false"
25-->src/main/AndroidManifest.xml:10:9-36
26        android:appComponentFactory="androidx.core.app.CoreComponentFactory"
26-->[androidx.core:core:1.13.0] AndroidManifest.xml:28:18-86
27        android:debuggable="true"
28        android:extractNativeLibs="false"
29        android:icon="@mipmap/ic_launcher"
29-->[:core_design_system] AndroidManifest.xml:8:9-43
30        android:label="@string/app_name"
30-->src/main/AndroidManifest.xml:11:9-41
31        android:largeHeap="true"
31-->src/main/AndroidManifest.xml:12:9-33
32        android:roundIcon="@mipmap/ic_launcher_round"
32-->[:core_design_system] AndroidManifest.xml:9:9-54
33        android:supportsRtl="true"
33-->src/main/AndroidManifest.xml:13:9-35
34        android:testOnly="true"
35        android:theme="@style/Theme.SportsBookApp" >
35-->[:core_design_system] AndroidManifest.xml:11:9-51
36        <activity
36-->src/main/AndroidManifest.xml:16:9-29:20
37            android:name="com.android.sportsbookapp.MainActivity"
37-->src/main/AndroidManifest.xml:17:13-66
38            android:configChanges="orientation|keyboardHidden|screenSize"
38-->src/main/AndroidManifest.xml:18:13-74
39            android:exported="true"
39-->src/main/AndroidManifest.xml:19:13-36
40            android:launchMode="singleTask"
40-->src/main/AndroidManifest.xml:20:13-44
41            android:screenOrientation="portrait"
41-->src/main/AndroidManifest.xml:21:13-49
42            android:windowSoftInputMode="adjustResize" >
42-->src/main/AndroidManifest.xml:22:13-55
43            <intent-filter>
43-->src/main/AndroidManifest.xml:24:13-27:29
44                <action android:name="android.intent.action.MAIN" />
44-->src/main/AndroidManifest.xml:25:17-68
44-->src/main/AndroidManifest.xml:25:25-66
45
46                <category android:name="android.intent.category.LAUNCHER" />
46-->src/main/AndroidManifest.xml:26:17-77
46-->src/main/AndroidManifest.xml:26:27-74
47            </intent-filter>
48        </activity>
49        <activity
49-->[androidx.compose.ui:ui-tooling-android:1.6.5] AndroidManifest.xml:23:9-25:39
50            android:name="androidx.compose.ui.tooling.PreviewActivity"
50-->[androidx.compose.ui:ui-tooling-android:1.6.5] AndroidManifest.xml:24:13-71
51            android:exported="true" />
51-->[androidx.compose.ui:ui-tooling-android:1.6.5] AndroidManifest.xml:25:13-36
52
53        <provider
53-->[androidx.work:work-runtime:2.8.0] AndroidManifest.xml:29:9-37:20
54            android:name="androidx.startup.InitializationProvider"
54-->[androidx.work:work-runtime:2.8.0] AndroidManifest.xml:30:13-67
55            android:authorities="com.android.sportsBookApp.androidx-startup"
55-->[androidx.work:work-runtime:2.8.0] AndroidManifest.xml:31:13-68
56            android:exported="false" >
56-->[androidx.work:work-runtime:2.8.0] AndroidManifest.xml:32:13-37
57            <meta-data
57-->[androidx.work:work-runtime:2.8.0] AndroidManifest.xml:34:13-36:52
58                android:name="androidx.work.WorkManagerInitializer"
58-->[androidx.work:work-runtime:2.8.0] AndroidManifest.xml:35:17-68
59                android:value="androidx.startup" />
59-->[androidx.work:work-runtime:2.8.0] AndroidManifest.xml:36:17-49
60            <meta-data
60-->[androidx.emoji2:emoji2:1.3.0] AndroidManifest.xml:29:13-31:52
61                android:name="androidx.emoji2.text.EmojiCompatInitializer"
61-->[androidx.emoji2:emoji2:1.3.0] AndroidManifest.xml:30:17-75
62                android:value="androidx.startup" />
62-->[androidx.emoji2:emoji2:1.3.0] AndroidManifest.xml:31:17-49
63            <meta-data
63-->[androidx.lifecycle:lifecycle-process:2.7.0] AndroidManifest.xml:29:13-31:52
64                android:name="androidx.lifecycle.ProcessLifecycleInitializer"
64-->[androidx.lifecycle:lifecycle-process:2.7.0] AndroidManifest.xml:30:17-78
65                android:value="androidx.startup" />
65-->[androidx.lifecycle:lifecycle-process:2.7.0] AndroidManifest.xml:31:17-49
66            <meta-data
66-->[androidx.profileinstaller:profileinstaller:1.3.1] AndroidManifest.xml:29:13-31:52
67                android:name="androidx.profileinstaller.ProfileInstallerInitializer"
67-->[androidx.profileinstaller:profileinstaller:1.3.1] AndroidManifest.xml:30:17-85
68                android:value="androidx.startup" />
68-->[androidx.profileinstaller:profileinstaller:1.3.1] AndroidManifest.xml:31:17-49
69        </provider>
70
71        <service
71-->[androidx.work:work-runtime:2.8.0] AndroidManifest.xml:39:9-45:35
72            android:name="androidx.work.impl.background.systemalarm.SystemAlarmService"
72-->[androidx.work:work-runtime:2.8.0] AndroidManifest.xml:40:13-88
73            android:directBootAware="false"
73-->[androidx.work:work-runtime:2.8.0] AndroidManifest.xml:41:13-44
74            android:enabled="@bool/enable_system_alarm_service_default"
74-->[androidx.work:work-runtime:2.8.0] AndroidManifest.xml:42:13-72
75            android:exported="false" />
75-->[androidx.work:work-runtime:2.8.0] AndroidManifest.xml:43:13-37
76        <service
76-->[androidx.work:work-runtime:2.8.0] AndroidManifest.xml:46:9-52:35
77            android:name="androidx.work.impl.background.systemjob.SystemJobService"
77-->[androidx.work:work-runtime:2.8.0] AndroidManifest.xml:47:13-84
78            android:directBootAware="false"
78-->[androidx.work:work-runtime:2.8.0] AndroidManifest.xml:48:13-44
79            android:enabled="@bool/enable_system_job_service_default"
79-->[androidx.work:work-runtime:2.8.0] AndroidManifest.xml:49:13-70
80            android:exported="true"
80-->[androidx.work:work-runtime:2.8.0] AndroidManifest.xml:50:13-36
81            android:permission="android.permission.BIND_JOB_SERVICE" />
81-->[androidx.work:work-runtime:2.8.0] AndroidManifest.xml:51:13-69
82        <service
82-->[androidx.work:work-runtime:2.8.0] AndroidManifest.xml:53:9-59:35
83            android:name="androidx.work.impl.foreground.SystemForegroundService"
83-->[androidx.work:work-runtime:2.8.0] AndroidManifest.xml:54:13-81
84            android:directBootAware="false"
84-->[androidx.work:work-runtime:2.8.0] AndroidManifest.xml:55:13-44
85            android:enabled="@bool/enable_system_foreground_service_default"
85-->[androidx.work:work-runtime:2.8.0] AndroidManifest.xml:56:13-77
86            android:exported="false" />
86-->[androidx.work:work-runtime:2.8.0] AndroidManifest.xml:57:13-37
87
88        <receiver
88-->[androidx.work:work-runtime:2.8.0] AndroidManifest.xml:61:9-66:35
89            android:name="androidx.work.impl.utils.ForceStopRunnable$BroadcastReceiver"
89-->[androidx.work:work-runtime:2.8.0] AndroidManifest.xml:62:13-88
90            android:directBootAware="false"
90-->[androidx.work:work-runtime:2.8.0] AndroidManifest.xml:63:13-44
91            android:enabled="true"
91-->[androidx.work:work-runtime:2.8.0] AndroidManifest.xml:64:13-35
92            android:exported="false" />
92-->[androidx.work:work-runtime:2.8.0] AndroidManifest.xml:65:13-37
93        <receiver
93-->[androidx.work:work-runtime:2.8.0] AndroidManifest.xml:67:9-77:20
94            android:name="androidx.work.impl.background.systemalarm.ConstraintProxy$BatteryChargingProxy"
94-->[androidx.work:work-runtime:2.8.0] AndroidManifest.xml:68:13-106
95            android:directBootAware="false"
95-->[androidx.work:work-runtime:2.8.0] AndroidManifest.xml:69:13-44
96            android:enabled="false"
96-->[androidx.work:work-runtime:2.8.0] AndroidManifest.xml:70:13-36
97            android:exported="false" >
97-->[androidx.work:work-runtime:2.8.0] AndroidManifest.xml:71:13-37
98            <intent-filter>
98-->[androidx.work:work-runtime:2.8.0] AndroidManifest.xml:73:13-76:29
99                <action android:name="android.intent.action.ACTION_POWER_CONNECTED" />
99-->[androidx.work:work-runtime:2.8.0] AndroidManifest.xml:74:17-87
99-->[androidx.work:work-runtime:2.8.0] AndroidManifest.xml:74:25-84
100                <action android:name="android.intent.action.ACTION_POWER_DISCONNECTED" />
100-->[androidx.work:work-runtime:2.8.0] AndroidManifest.xml:75:17-90
100-->[androidx.work:work-runtime:2.8.0] AndroidManifest.xml:75:25-87
101            </intent-filter>
102        </receiver>
103        <receiver
103-->[androidx.work:work-runtime:2.8.0] AndroidManifest.xml:78:9-88:20
104            android:name="androidx.work.impl.background.systemalarm.ConstraintProxy$BatteryNotLowProxy"
104-->[androidx.work:work-runtime:2.8.0] AndroidManifest.xml:79:13-104
105            android:directBootAware="false"
105-->[androidx.work:work-runtime:2.8.0] AndroidManifest.xml:80:13-44
106            android:enabled="false"
106-->[androidx.work:work-runtime:2.8.0] AndroidManifest.xml:81:13-36
107            android:exported="false" >
107-->[androidx.work:work-runtime:2.8.0] AndroidManifest.xml:82:13-37
108            <intent-filter>
108-->[androidx.work:work-runtime:2.8.0] AndroidManifest.xml:84:13-87:29
109                <action android:name="android.intent.action.BATTERY_OKAY" />
109-->[androidx.work:work-runtime:2.8.0] AndroidManifest.xml:85:17-77
109-->[androidx.work:work-runtime:2.8.0] AndroidManifest.xml:85:25-74
110                <action android:name="android.intent.action.BATTERY_LOW" />
110-->[androidx.work:work-runtime:2.8.0] AndroidManifest.xml:86:17-76
110-->[androidx.work:work-runtime:2.8.0] AndroidManifest.xml:86:25-73
111            </intent-filter>
112        </receiver>
113        <receiver
113-->[androidx.work:work-runtime:2.8.0] AndroidManifest.xml:89:9-99:20
114            android:name="androidx.work.impl.background.systemalarm.ConstraintProxy$StorageNotLowProxy"
114-->[androidx.work:work-runtime:2.8.0] AndroidManifest.xml:90:13-104
115            android:directBootAware="false"
115-->[androidx.work:work-runtime:2.8.0] AndroidManifest.xml:91:13-44
116            android:enabled="false"
116-->[androidx.work:work-runtime:2.8.0] AndroidManifest.xml:92:13-36
117            android:exported="false" >
117-->[androidx.work:work-runtime:2.8.0] AndroidManifest.xml:93:13-37
118            <intent-filter>
118-->[androidx.work:work-runtime:2.8.0] AndroidManifest.xml:95:13-98:29
119                <action android:name="android.intent.action.DEVICE_STORAGE_LOW" />
119-->[androidx.work:work-runtime:2.8.0] AndroidManifest.xml:96:17-83
119-->[androidx.work:work-runtime:2.8.0] AndroidManifest.xml:96:25-80
120                <action android:name="android.intent.action.DEVICE_STORAGE_OK" />
120-->[androidx.work:work-runtime:2.8.0] AndroidManifest.xml:97:17-82
120-->[androidx.work:work-runtime:2.8.0] AndroidManifest.xml:97:25-79
121            </intent-filter>
122        </receiver>
123        <receiver
123-->[androidx.work:work-runtime:2.8.0] AndroidManifest.xml:100:9-109:20
124            android:name="androidx.work.impl.background.systemalarm.ConstraintProxy$NetworkStateProxy"
124-->[androidx.work:work-runtime:2.8.0] AndroidManifest.xml:101:13-103
125            android:directBootAware="false"
125-->[androidx.work:work-runtime:2.8.0] AndroidManifest.xml:102:13-44
126            android:enabled="false"
126-->[androidx.work:work-runtime:2.8.0] AndroidManifest.xml:103:13-36
127            android:exported="false" >
127-->[androidx.work:work-runtime:2.8.0] AndroidManifest.xml:104:13-37
128            <intent-filter>
128-->[androidx.work:work-runtime:2.8.0] AndroidManifest.xml:106:13-108:29
129                <action android:name="android.net.conn.CONNECTIVITY_CHANGE" />
129-->[androidx.work:work-runtime:2.8.0] AndroidManifest.xml:107:17-79
129-->[androidx.work:work-runtime:2.8.0] AndroidManifest.xml:107:25-76
130            </intent-filter>
131        </receiver>
132        <receiver
132-->[androidx.work:work-runtime:2.8.0] AndroidManifest.xml:110:9-121:20
133            android:name="androidx.work.impl.background.systemalarm.RescheduleReceiver"
133-->[androidx.work:work-runtime:2.8.0] AndroidManifest.xml:111:13-88
134            android:directBootAware="false"
134-->[androidx.work:work-runtime:2.8.0] AndroidManifest.xml:112:13-44
135            android:enabled="false"
135-->[androidx.work:work-runtime:2.8.0] AndroidManifest.xml:113:13-36
136            android:exported="false" >
136-->[androidx.work:work-runtime:2.8.0] AndroidManifest.xml:114:13-37
137            <intent-filter>
137-->[androidx.work:work-runtime:2.8.0] AndroidManifest.xml:116:13-120:29
138                <action android:name="android.intent.action.BOOT_COMPLETED" />
138-->[androidx.work:work-runtime:2.8.0] AndroidManifest.xml:117:17-79
138-->[androidx.work:work-runtime:2.8.0] AndroidManifest.xml:117:25-76
139                <action android:name="android.intent.action.TIME_SET" />
139-->[androidx.work:work-runtime:2.8.0] AndroidManifest.xml:118:17-73
139-->[androidx.work:work-runtime:2.8.0] AndroidManifest.xml:118:25-70
140                <action android:name="android.intent.action.TIMEZONE_CHANGED" />
140-->[androidx.work:work-runtime:2.8.0] AndroidManifest.xml:119:17-81
140-->[androidx.work:work-runtime:2.8.0] AndroidManifest.xml:119:25-78
141            </intent-filter>
142        </receiver>
143        <receiver
143-->[androidx.work:work-runtime:2.8.0] AndroidManifest.xml:122:9-131:20
144            android:name="androidx.work.impl.background.systemalarm.ConstraintProxyUpdateReceiver"
144-->[androidx.work:work-runtime:2.8.0] AndroidManifest.xml:123:13-99
145            android:directBootAware="false"
145-->[androidx.work:work-runtime:2.8.0] AndroidManifest.xml:124:13-44
146            android:enabled="@bool/enable_system_alarm_service_default"
146-->[androidx.work:work-runtime:2.8.0] AndroidManifest.xml:125:13-72
147            android:exported="false" >
147-->[androidx.work:work-runtime:2.8.0] AndroidManifest.xml:126:13-37
148            <intent-filter>
148-->[androidx.work:work-runtime:2.8.0] AndroidManifest.xml:128:13-130:29
149                <action android:name="androidx.work.impl.background.systemalarm.UpdateProxies" />
149-->[androidx.work:work-runtime:2.8.0] AndroidManifest.xml:129:17-98
149-->[androidx.work:work-runtime:2.8.0] AndroidManifest.xml:129:25-95
150            </intent-filter>
151        </receiver>
152        <receiver
152-->[androidx.work:work-runtime:2.8.0] AndroidManifest.xml:132:9-142:20
153            android:name="androidx.work.impl.diagnostics.DiagnosticsReceiver"
153-->[androidx.work:work-runtime:2.8.0] AndroidManifest.xml:133:13-78
154            android:directBootAware="false"
154-->[androidx.work:work-runtime:2.8.0] AndroidManifest.xml:134:13-44
155            android:enabled="true"
155-->[androidx.work:work-runtime:2.8.0] AndroidManifest.xml:135:13-35
156            android:exported="true"
156-->[androidx.work:work-runtime:2.8.0] AndroidManifest.xml:136:13-36
157            android:permission="android.permission.DUMP" >
157-->[androidx.work:work-runtime:2.8.0] AndroidManifest.xml:137:13-57
158            <intent-filter>
158-->[androidx.work:work-runtime:2.8.0] AndroidManifest.xml:139:13-141:29
159                <action android:name="androidx.work.diagnostics.REQUEST_DIAGNOSTICS" />
159-->[androidx.work:work-runtime:2.8.0] AndroidManifest.xml:140:17-88
159-->[androidx.work:work-runtime:2.8.0] AndroidManifest.xml:140:25-85
160            </intent-filter>
161        </receiver>
162
163        <activity
163-->[androidx.compose.ui:ui-test-manifest:1.6.5] AndroidManifest.xml:23:9-25:39
164            android:name="androidx.activity.ComponentActivity"
164-->[androidx.compose.ui:ui-test-manifest:1.6.5] AndroidManifest.xml:24:13-63
165            android:exported="true" />
165-->[androidx.compose.ui:ui-test-manifest:1.6.5] AndroidManifest.xml:25:13-36
166
167        <service
167-->[androidx.room:room-runtime:2.5.0] AndroidManifest.xml:24:9-28:63
168            android:name="androidx.room.MultiInstanceInvalidationService"
168-->[androidx.room:room-runtime:2.5.0] AndroidManifest.xml:25:13-74
169            android:directBootAware="true"
169-->[androidx.room:room-runtime:2.5.0] AndroidManifest.xml:26:13-43
170            android:exported="false" />
170-->[androidx.room:room-runtime:2.5.0] AndroidManifest.xml:27:13-37
171
172        <receiver
172-->[androidx.profileinstaller:profileinstaller:1.3.1] AndroidManifest.xml:34:9-52:20
173            android:name="androidx.profileinstaller.ProfileInstallReceiver"
173-->[androidx.profileinstaller:profileinstaller:1.3.1] AndroidManifest.xml:35:13-76
174            android:directBootAware="false"
174-->[androidx.profileinstaller:profileinstaller:1.3.1] AndroidManifest.xml:36:13-44
175            android:enabled="true"
175-->[androidx.profileinstaller:profileinstaller:1.3.1] AndroidManifest.xml:37:13-35
176            android:exported="true"
176-->[androidx.profileinstaller:profileinstaller:1.3.1] AndroidManifest.xml:38:13-36
177            android:permission="android.permission.DUMP" >
177-->[androidx.profileinstaller:profileinstaller:1.3.1] AndroidManifest.xml:39:13-57
178            <intent-filter>
178-->[androidx.profileinstaller:profileinstaller:1.3.1] AndroidManifest.xml:40:13-42:29
179                <action android:name="androidx.profileinstaller.action.INSTALL_PROFILE" />
179-->[androidx.profileinstaller:profileinstaller:1.3.1] AndroidManifest.xml:41:17-91
179-->[androidx.profileinstaller:profileinstaller:1.3.1] AndroidManifest.xml:41:25-88
180            </intent-filter>
181            <intent-filter>
181-->[androidx.profileinstaller:profileinstaller:1.3.1] AndroidManifest.xml:43:13-45:29
182                <action android:name="androidx.profileinstaller.action.SKIP_FILE" />
182-->[androidx.profileinstaller:profileinstaller:1.3.1] AndroidManifest.xml:44:17-85
182-->[androidx.profileinstaller:profileinstaller:1.3.1] AndroidManifest.xml:44:25-82
183            </intent-filter>
184            <intent-filter>
184-->[androidx.profileinstaller:profileinstaller:1.3.1] AndroidManifest.xml:46:13-48:29
185                <action android:name="androidx.profileinstaller.action.SAVE_PROFILE" />
185-->[androidx.profileinstaller:profileinstaller:1.3.1] AndroidManifest.xml:47:17-88
185-->[androidx.profileinstaller:profileinstaller:1.3.1] AndroidManifest.xml:47:25-85
186            </intent-filter>
187            <intent-filter>
187-->[androidx.profileinstaller:profileinstaller:1.3.1] AndroidManifest.xml:49:13-51:29
188                <action android:name="androidx.profileinstaller.action.BENCHMARK_OPERATION" />
188-->[androidx.profileinstaller:profileinstaller:1.3.1] AndroidManifest.xml:50:17-95
188-->[androidx.profileinstaller:profileinstaller:1.3.1] AndroidManifest.xml:50:25-92
189            </intent-filter>
190        </receiver>
191    </application>
192
193</manifest>